<?xml version="1.0" encoding="UTF-8"?>
<!-- Generated by org.testng.reporters.JUnitReportReporter -->
<testsuite hostname="NSWSYDNLP237" failures="0" tests="1" name="com.palnit.testsetup.TestBase" time="9.915" errors="0" timestamp="10 Dec 2018 10:28:13 GMT" skipped="0">
  <testcase classname="com.palnit.testsetup.TestBase" name="launchApplication" time="9.915"/>
</testsuite> <!-- com.palnit.testsetup.TestBase -->
